
*** Running vivado
    with args -log BRAM_blk_mem_gen_0_0.vds -m64 -product Vivado -mode batch -messageDb vivado.pb -notrace -source BRAM_blk_mem_gen_0_0.tcl


****** Vivado v2016.4 (64-bit)
  **** SW Build 1756540 on Mon Jan 23 19:11:19 MST 2017
  **** IP Build 1755317 on Mon Jan 23 20:30:07 MST 2017
    ** Copyright 1986-2016 Xilinx, Inc. All Rights Reserved.

source BRAM_blk_mem_gen_0_0.tcl -notrace
Starting RTL Elaboration : Time (s): cpu = 00:00:08 ; elapsed = 00:00:16 . Memory (MB): peak = 1066.566 ; gain = 136.098 ; free physical = 1118 ; free virtual = 8074
INFO: [Synth 8-638] synthesizing module 'BRAM_blk_mem_gen_0_0' [/media/atishya/New_Volume1/books_and_papers/Iit/2nd_year/2nd_sem/COl216/Labs/ArchitectureAssignments/Lab4And5/Processor_4/Processor_4.srcs/sources_1/bd/BRAM/ip/BRAM_blk_mem_gen_0_0/synth/BRAM_blk_mem_gen_0_0.vhd:71]
INFO: [Synth 8-256] done synthesizing module 'BRAM_blk_mem_gen_0_0' (9#1) [/media/atishya/New_Volume1/books_and_papers/Iit/2nd_year/2nd_sem/COl216/Labs/ArchitectureAssignments/Lab4And5/Processor_4/Processor_4.srcs/sources_1/bd/BRAM/ip/BRAM_blk_mem_gen_0_0/synth/BRAM_blk_mem_gen_0_0.vhd:71]
Finished RTL Elaboration : Time (s): cpu = 00:01:03 ; elapsed = 00:01:11 . Memory (MB): peak = 1266.238 ; gain = 335.770 ; free physical = 906 ; free virtual = 7869
Finished RTL Optimization Phase 1 : Time (s): cpu = 00:01:03 ; elapsed = 00:01:12 . Memory (MB): peak = 1266.238 ; gain = 335.770 ; free physical = 900 ; free virtual = 7869
INFO: [Device 21-403] Loading part xc7a35tcpg236-1
Constraint Validation Runtime : Time (s): cpu = 00:00:00.01 ; elapsed = 00:00:00.03 . Memory (MB): peak = 1373.098 ; gain = 0.000 ; free physical = 849 ; free virtual = 7853
Finished Constraint Validation : Time (s): cpu = 00:01:13 ; elapsed = 00:01:37 . Memory (MB): peak = 1373.098 ; gain = 442.629 ; free physical = 843 ; free virtual = 7853
Finished Loading Part and Timing Information : Time (s): cpu = 00:01:13 ; elapsed = 00:01:37 . Memory (MB): peak = 1373.098 ; gain = 442.629 ; free physical = 843 ; free virtual = 7853
Finished applying 'set_property' XDC Constraints : Time (s): cpu = 00:01:13 ; elapsed = 00:01:37 . Memory (MB): peak = 1373.098 ; gain = 442.629 ; free physical = 843 ; free virtual = 7853
Finished RTL Optimization Phase 2 : Time (s): cpu = 00:01:13 ; elapsed = 00:01:37 . Memory (MB): peak = 1373.098 ; gain = 442.629 ; free physical = 839 ; free virtual = 7848
Finished Cross Boundary and Area Optimization : Time (s): cpu = 00:01:13 ; elapsed = 00:01:38 . Memory (MB): peak = 1373.098 ; gain = 442.629 ; free physical = 838 ; free virtual = 7848
Finished Applying XDC Timing Constraints : Time (s): cpu = 00:01:21 ; elapsed = 00:01:46 . Memory (MB): peak = 1394.098 ; gain = 463.629 ; free physical = 795 ; free virtual = 7812
Finished Timing Optimization : Time (s): cpu = 00:01:21 ; elapsed = 00:01:46 . Memory (MB): peak = 1394.098 ; gain = 463.629 ; free physical = 795 ; free virtual = 7812
Finished Technology Mapping : Time (s): cpu = 00:01:21 ; elapsed = 00:01:46 . Memory (MB): peak = 1404.113 ; gain = 473.645 ; free physical = 786 ; free virtual = 7803
Finished IO Insertion : Time (s): cpu = 00:01:21 ; elapsed = 00:01:46 . Memory (MB): peak = 1404.113 ; gain = 473.645 ; free physical = 786 ; free virtual = 7803
Finished Renaming Generated Instances : Time (s): cpu = 00:01:21 ; elapsed = 00:01:46 . Memory (MB): peak = 1404.113 ; gain = 473.645 ; free physical = 786 ; free virtual = 7803
Finished Rebuilding User Hierarchy : Time (s): cpu = 00:01:21 ; elapsed = 00:01:46 . Memory (MB): peak = 1404.113 ; gain = 473.645 ; free physical = 786 ; free virtual = 7803
Finished Renaming Generated Ports : Time (s): cpu = 00:01:21 ; elapsed = 00:01:46 . Memory (MB): peak = 1404.113 ; gain = 473.645 ; free physical = 786 ; free virtual = 7803
Finished Handling Custom Attributes : Time (s): cpu = 00:01:21 ; elapsed = 00:01:46 . Memory (MB): peak = 1404.113 ; gain = 473.645 ; free physical = 785 ; free virtual = 7802
Finished Renaming Generated Nets : Time (s): cpu = 00:01:21 ; elapsed = 00:01:46 . Memory (MB): peak = 1404.113 ; gain = 473.645 ; free physical = 785 ; free virtual = 7802

Report Cell Usage: 
+------+-----------+------+
|      |Cell       |Count |
+------+-----------+------+
|1     |RAMB36E1   |     1|
|2     |RAMB36E1_1 |     1|
+------+-----------+------+
Finished Writing Synthesis Report : Time (s): cpu = 00:01:21 ; elapsed = 00:01:46 . Memory (MB): peak = 1404.113 ; gain = 473.645 ; free physical = 785 ; free virtual = 7802
synth_design: Time (s): cpu = 00:01:19 ; elapsed = 00:01:37 . Memory (MB): peak = 1422.629 ; gain = 422.645 ; free physical = 767 ; free virtual = 7784
