
*** Running vivado
    with args -log BRAM_blk_mem_gen_0_0.vds -m64 -product Vivado -mode batch -messageDb vivado.pb -notrace -source BRAM_blk_mem_gen_0_0.tcl


****** Vivado v2016.4 (64-bit)
  **** SW Build 1756540 on Mon Jan 23 19:11:19 MST 2017
  **** IP Build 1755317 on Mon Jan 23 20:30:07 MST 2017
    ** Copyright 1986-2016 Xilinx, Inc. All Rights Reserved.

source BRAM_blk_mem_gen_0_0.tcl -notrace
Starting RTL Elaboration : Time (s): cpu = 00:00:07 ; elapsed = 00:00:08 . Memory (MB): peak = 1066.562 ; gain = 136.098 ; free physical = 1652 ; free virtual = 9246
INFO: [Synth 8-638] synthesizing module 'BRAM_blk_mem_gen_0_0' [/media/atishya/New_Volume1/books_and_papers/Iit/2nd_year/2nd_sem/COl216/Labs/ArchitectureAssignments/Lab4And5/Processor_4/Processor_4.srcs/sources_1/bd/BRAM/ip/BRAM_blk_mem_gen_0_0/synth/BRAM_blk_mem_gen_0_0.vhd:71]
INFO: [Synth 8-256] done synthesizing module 'BRAM_blk_mem_gen_0_0' (9#1) [/media/atishya/New_Volume1/books_and_papers/Iit/2nd_year/2nd_sem/COl216/Labs/ArchitectureAssignments/Lab4And5/Processor_4/Processor_4.srcs/sources_1/bd/BRAM/ip/BRAM_blk_mem_gen_0_0/synth/BRAM_blk_mem_gen_0_0.vhd:71]
Finished RTL Elaboration : Time (s): cpu = 00:00:58 ; elapsed = 00:00:59 . Memory (MB): peak = 1266.703 ; gain = 336.238 ; free physical = 1456 ; free virtual = 9046
Finished RTL Optimization Phase 1 : Time (s): cpu = 00:00:58 ; elapsed = 00:00:59 . Memory (MB): peak = 1266.703 ; gain = 336.238 ; free physical = 1451 ; free virtual = 9046
INFO: [Device 21-403] Loading part xc7a35tcpg236-1
Constraint Validation Runtime : Time (s): cpu = 00:00:00.01 ; elapsed = 00:00:00.02 . Memory (MB): peak = 1373.562 ; gain = 0.000 ; free physical = 1431 ; free virtual = 9031
Finished Constraint Validation : Time (s): cpu = 00:01:07 ; elapsed = 00:01:10 . Memory (MB): peak = 1373.562 ; gain = 443.098 ; free physical = 1426 ; free virtual = 9031
Finished Loading Part and Timing Information : Time (s): cpu = 00:01:07 ; elapsed = 00:01:10 . Memory (MB): peak = 1373.562 ; gain = 443.098 ; free physical = 1426 ; free virtual = 9031
Finished applying 'set_property' XDC Constraints : Time (s): cpu = 00:01:07 ; elapsed = 00:01:10 . Memory (MB): peak = 1373.562 ; gain = 443.098 ; free physical = 1426 ; free virtual = 9031
Finished RTL Optimization Phase 2 : Time (s): cpu = 00:01:07 ; elapsed = 00:01:10 . Memory (MB): peak = 1373.562 ; gain = 443.098 ; free physical = 1422 ; free virtual = 9026
Finished Cross Boundary and Area Optimization : Time (s): cpu = 00:01:07 ; elapsed = 00:01:10 . Memory (MB): peak = 1373.562 ; gain = 443.098 ; free physical = 1422 ; free virtual = 9026
Finished Applying XDC Timing Constraints : Time (s): cpu = 00:01:14 ; elapsed = 00:01:18 . Memory (MB): peak = 1393.562 ; gain = 463.098 ; free physical = 1383 ; free virtual = 8988
Finished Timing Optimization : Time (s): cpu = 00:01:14 ; elapsed = 00:01:18 . Memory (MB): peak = 1393.562 ; gain = 463.098 ; free physical = 1382 ; free virtual = 8987
Finished Technology Mapping : Time (s): cpu = 00:01:14 ; elapsed = 00:01:18 . Memory (MB): peak = 1403.578 ; gain = 473.113 ; free physical = 1373 ; free virtual = 8978
Finished IO Insertion : Time (s): cpu = 00:01:15 ; elapsed = 00:01:18 . Memory (MB): peak = 1403.578 ; gain = 473.113 ; free physical = 1373 ; free virtual = 8978
Finished Renaming Generated Instances : Time (s): cpu = 00:01:15 ; elapsed = 00:01:18 . Memory (MB): peak = 1403.578 ; gain = 473.113 ; free physical = 1373 ; free virtual = 8978
Finished Rebuilding User Hierarchy : Time (s): cpu = 00:01:15 ; elapsed = 00:01:18 . Memory (MB): peak = 1403.578 ; gain = 473.113 ; free physical = 1373 ; free virtual = 8978
Finished Renaming Generated Ports : Time (s): cpu = 00:01:15 ; elapsed = 00:01:18 . Memory (MB): peak = 1403.578 ; gain = 473.113 ; free physical = 1373 ; free virtual = 8978
Finished Handling Custom Attributes : Time (s): cpu = 00:01:15 ; elapsed = 00:01:18 . Memory (MB): peak = 1403.578 ; gain = 473.113 ; free physical = 1373 ; free virtual = 8978
Finished Renaming Generated Nets : Time (s): cpu = 00:01:15 ; elapsed = 00:01:18 . Memory (MB): peak = 1403.578 ; gain = 473.113 ; free physical = 1373 ; free virtual = 8978

Report Cell Usage: 
+------+-----------+------+
|      |Cell       |Count |
+------+-----------+------+
|1     |RAMB36E1   |     1|
|2     |RAMB36E1_1 |     1|
+------+-----------+------+
Finished Writing Synthesis Report : Time (s): cpu = 00:01:15 ; elapsed = 00:01:18 . Memory (MB): peak = 1403.578 ; gain = 473.113 ; free physical = 1373 ; free virtual = 8978
synth_design: Time (s): cpu = 00:01:14 ; elapsed = 00:01:16 . Memory (MB): peak = 1423.094 ; gain = 423.113 ; free physical = 1354 ; free virtual = 8959
