
*** Running vivado
    with args -log BRAM_blk_mem_gen_0_0.vds -m64 -product Vivado -mode batch -messageDb vivado.pb -notrace -source BRAM_blk_mem_gen_0_0.tcl


****** Vivado v2016.4 (64-bit)
  **** SW Build 1756540 on Mon Jan 23 19:11:19 MST 2017
  **** IP Build 1755317 on Mon Jan 23 20:30:07 MST 2017
    ** Copyright 1986-2016 Xilinx, Inc. All Rights Reserved.

source BRAM_blk_mem_gen_0_0.tcl -notrace
Starting RTL Elaboration : Time (s): cpu = 00:00:08 ; elapsed = 00:00:22 . Memory (MB): peak = 1066.562 ; gain = 136.098 ; free physical = 1247 ; free virtual = 7152
INFO: [Synth 8-638] synthesizing module 'BRAM_blk_mem_gen_0_0' [/media/atishya/New_Volume1/books_and_papers/Iit/2nd_year/2nd_sem/COl216/Labs/ArchitectureAssignments/Lab4And5/Processor_4/Processor_4.srcs/sources_1/bd/BRAM/ip/BRAM_blk_mem_gen_0_0/synth/BRAM_blk_mem_gen_0_0.vhd:71]
INFO: [Synth 8-256] done synthesizing module 'BRAM_blk_mem_gen_0_0' (9#1) [/media/atishya/New_Volume1/books_and_papers/Iit/2nd_year/2nd_sem/COl216/Labs/ArchitectureAssignments/Lab4And5/Processor_4/Processor_4.srcs/sources_1/bd/BRAM/ip/BRAM_blk_mem_gen_0_0/synth/BRAM_blk_mem_gen_0_0.vhd:71]
Finished RTL Elaboration : Time (s): cpu = 00:01:00 ; elapsed = 00:01:15 . Memory (MB): peak = 1266.234 ; gain = 335.770 ; free physical = 1013 ; free virtual = 6942
Finished RTL Optimization Phase 1 : Time (s): cpu = 00:01:00 ; elapsed = 00:01:15 . Memory (MB): peak = 1266.234 ; gain = 335.770 ; free physical = 1008 ; free virtual = 6943
INFO: [Device 21-403] Loading part xc7a35tcpg236-1
Constraint Validation Runtime : Time (s): cpu = 00:00:00.03 ; elapsed = 00:00:00.03 . Memory (MB): peak = 1373.094 ; gain = 0.000 ; free physical = 967 ; free virtual = 6927
Finished Constraint Validation : Time (s): cpu = 00:01:09 ; elapsed = 00:01:37 . Memory (MB): peak = 1373.094 ; gain = 442.629 ; free physical = 961 ; free virtual = 6927
Finished Loading Part and Timing Information : Time (s): cpu = 00:01:09 ; elapsed = 00:01:37 . Memory (MB): peak = 1373.094 ; gain = 442.629 ; free physical = 961 ; free virtual = 6927
Finished applying 'set_property' XDC Constraints : Time (s): cpu = 00:01:09 ; elapsed = 00:01:37 . Memory (MB): peak = 1373.094 ; gain = 442.629 ; free physical = 961 ; free virtual = 6927
Finished RTL Optimization Phase 2 : Time (s): cpu = 00:01:09 ; elapsed = 00:01:38 . Memory (MB): peak = 1373.094 ; gain = 442.629 ; free physical = 953 ; free virtual = 6919
Finished Cross Boundary and Area Optimization : Time (s): cpu = 00:01:09 ; elapsed = 00:01:38 . Memory (MB): peak = 1373.094 ; gain = 442.629 ; free physical = 953 ; free virtual = 6919
Finished Applying XDC Timing Constraints : Time (s): cpu = 00:01:16 ; elapsed = 00:01:45 . Memory (MB): peak = 1393.094 ; gain = 462.629 ; free physical = 912 ; free virtual = 6885
Finished Timing Optimization : Time (s): cpu = 00:01:17 ; elapsed = 00:01:45 . Memory (MB): peak = 1393.094 ; gain = 462.629 ; free physical = 912 ; free virtual = 6885
Finished Technology Mapping : Time (s): cpu = 00:01:17 ; elapsed = 00:01:45 . Memory (MB): peak = 1403.109 ; gain = 472.645 ; free physical = 903 ; free virtual = 6876
Finished IO Insertion : Time (s): cpu = 00:01:17 ; elapsed = 00:01:46 . Memory (MB): peak = 1403.109 ; gain = 472.645 ; free physical = 903 ; free virtual = 6875
Finished Renaming Generated Instances : Time (s): cpu = 00:01:17 ; elapsed = 00:01:46 . Memory (MB): peak = 1403.109 ; gain = 472.645 ; free physical = 903 ; free virtual = 6875
Finished Rebuilding User Hierarchy : Time (s): cpu = 00:01:17 ; elapsed = 00:01:46 . Memory (MB): peak = 1403.109 ; gain = 472.645 ; free physical = 902 ; free virtual = 6875
Finished Renaming Generated Ports : Time (s): cpu = 00:01:17 ; elapsed = 00:01:46 . Memory (MB): peak = 1403.109 ; gain = 472.645 ; free physical = 902 ; free virtual = 6875
Finished Handling Custom Attributes : Time (s): cpu = 00:01:17 ; elapsed = 00:01:46 . Memory (MB): peak = 1403.109 ; gain = 472.645 ; free physical = 902 ; free virtual = 6875
Finished Renaming Generated Nets : Time (s): cpu = 00:01:17 ; elapsed = 00:01:46 . Memory (MB): peak = 1403.109 ; gain = 472.645 ; free physical = 902 ; free virtual = 6875

Report Cell Usage: 
+------+-----------+------+
|      |Cell       |Count |
+------+-----------+------+
|1     |RAMB36E1   |     1|
|2     |RAMB36E1_1 |     1|
+------+-----------+------+
Finished Writing Synthesis Report : Time (s): cpu = 00:01:17 ; elapsed = 00:01:46 . Memory (MB): peak = 1403.109 ; gain = 472.645 ; free physical = 902 ; free virtual = 6875
synth_design: Time (s): cpu = 00:01:15 ; elapsed = 00:01:31 . Memory (MB): peak = 1423.625 ; gain = 423.645 ; free physical = 882 ; free virtual = 6857
