Copyright 1986-2016 Xilinx, Inc. All Rights Reserved.
----------------------------------------------------------------------------------------------------------------------------------------------------------
| Tool Version     : Vivado v.2016.4 (lin64) Build 1756540 Mon Jan 23 19:11:19 MST 2017
| Date             : Tue Mar  6 15:43:17 2018
| Host             : atishya-HP-Pavilion-Notebook running 64-bit Ubuntu 16.04.4 LTS
| Command          : report_power -file MemoryModule_power_routed.rpt -pb MemoryModule_power_summary_routed.pb -rpx MemoryModule_power_routed.rpx
| Design           : MemoryModule
| Device           : xc7a35tcpg236-1
| Design State     : routed
| Grade            : commercial
| Process          : typical
| Characterization : Production
----------------------------------------------------------------------------------------------------------------------------------------------------------

Power Report

Table of Contents
-----------------
1. Summary
1.1 On-Chip Components
1.2 Power Supply Summary
1.3 Confidence Level
2. Settings
2.1 Environment
2.2 Clock Constraints
3. Detailed Reports
3.1 By Hierarchy

1. Summary
----------

+--------------------------+----------------------------------+
| Total On-Chip Power (W)  | 13.138 (Junction temp exceeded!) |
| Dynamic (W)              | 12.937                           |
| Device Static (W)        | 0.201                            |
| Effective TJA (C/W)      | 5.0                              |
| Max Ambient (C)          | 19.3                             |
| Junction Temperature (C) | 90.7                             |
| Confidence Level         | Low                              |
| Setting File             | ---                              |
| Simulation Activity File | ---                              |
| Design Nets Matched      | NA                               |
+--------------------------+----------------------------------+


1.1 On-Chip Components
----------------------

+----------------+-----------+----------+-----------+-----------------+
| On-Chip        | Power (W) | Used     | Available | Utilization (%) |
+----------------+-----------+----------+-----------+-----------------+
| Slice Logic    |     0.631 |      140 |       --- |             --- |
|   LUT as Logic |     0.631 |      124 |     20800 |            0.60 |
|   Others       |     0.000 |        6 |       --- |             --- |
| Signals        |     1.568 |      219 |       --- |             --- |
| Block RAM      |     0.261 |        2 |        50 |            4.00 |
| I/O            |    10.478 |       85 |       106 |           80.19 |
| Static Power   |     0.201 |          |           |                 |
| Total          |    13.138 |          |           |                 |
+----------------+-----------+----------+-----------+-----------------+


1.2 Power Supply Summary
------------------------

+-----------+-------------+-----------+-------------+------------+
| Source    | Voltage (V) | Total (A) | Dynamic (A) | Static (A) |
+-----------+-------------+-----------+-------------+------------+
| Vccint    |       1.000 |     2.762 |       2.647 |      0.115 |
| Vccaux    |       1.800 |     0.866 |       0.841 |      0.025 |
| Vcco33    |       3.300 |     0.000 |       0.000 |      0.000 |
| Vcco25    |       2.500 |     0.000 |       0.000 |      0.000 |
| Vcco18    |       1.800 |     4.866 |       4.865 |      0.001 |
| Vcco15    |       1.500 |     0.000 |       0.000 |      0.000 |
| Vcco135   |       1.350 |     0.000 |       0.000 |      0.000 |
| Vcco12    |       1.200 |     0.000 |       0.000 |      0.000 |
| Vccaux_io |       1.800 |     0.000 |       0.000 |      0.000 |
| Vccbram   |       1.000 |     0.023 |       0.020 |      0.003 |
| MGTAVcc   |       1.000 |     0.000 |       0.000 |      0.000 |
| MGTAVtt   |       1.200 |     0.000 |       0.000 |      0.000 |
| Vccadc    |       1.800 |     0.020 |       0.000 |      0.020 |
+-----------+-------------+-----------+-------------+------------+


1.3 Confidence Level
--------------------

+-----------------------------+------------+--------------------------------------------------------+--------------------------------------------------------------------------------------------------------------------+
| User Input Data             | Confidence | Details                                                | Action                                                                                                             |
+-----------------------------+------------+--------------------------------------------------------+--------------------------------------------------------------------------------------------------------------------+
| Design implementation state | High       | Design is routed                                       |                                                                                                                    |
| Clock nodes activity        | Low        | User specified less than 75% of clocks                 | Provide missing clock activity with a constraint file, simulation results or by editing the "By Clock Domain" view |
| I/O nodes activity          | Low        | More than 75% of inputs are missing user specification | Provide missing input activity with simulation results or by editing the "By Resource Type -> I/Os" view           |
| Internal nodes activity     | Medium     | User specified less than 25% of internal nodes         | Provide missing internal nodes activity with simulation results or by editing the "By Resource Type" views         |
| Device models               | High       | Device models are Production                           |                                                                                                                    |
|                             |            |                                                        |                                                                                                                    |
| Overall confidence level    | Low        |                                                        |                                                                                                                    |
+-----------------------------+------------+--------------------------------------------------------+--------------------------------------------------------------------------------------------------------------------+


2. Settings
-----------

2.1 Environment
---------------

+-----------------------+--------------------------+
| Ambient Temp (C)      | 25.0                     |
| ThetaJA (C/W)         | 5.0                      |
| Airflow (LFM)         | 250                      |
| Heat Sink             | medium (Medium Profile)  |
| ThetaSA (C/W)         | 4.6                      |
| Board Selection       | medium (10"x10")         |
| # of Board Layers     | 12to15 (12 to 15 Layers) |
| Board Temperature (C) | 25.0                     |
+-----------------------+--------------------------+


2.2 Clock Constraints
---------------------

+-------+--------+-----------------+
| Clock | Domain | Constraint (ns) |
+-------+--------+-----------------+


3. Detailed Reports
-------------------

3.1 By Hierarchy
----------------

+-------------------------------------------------------------------+-----------+
| Name                                                              | Power (W) |
+-------------------------------------------------------------------+-----------+
| MemoryModule                                                      |    12.937 |
|   BRAM                                                            |     1.775 |
|     BRAM_i                                                        |     0.853 |
|       blk_mem_gen_0                                               |     0.853 |
|         U0                                                        |     0.853 |
|           inst_blk_mem_gen                                        |     0.853 |
|             gnbram.gnative_mem_map_bmg.native_mem_map_blk_mem_gen |     0.853 |
|               valid.cstr                                          |     0.853 |
|                 ramloop[0].ram.r                                  |     0.341 |
|                   prim_noinit.ram                                 |     0.341 |
|                 ramloop[1].ram.r                                  |     0.512 |
|                   prim_noinit.ram                                 |     0.512 |
+-------------------------------------------------------------------+-----------+


