
*** Running vivado
    with args -log BRAM_blk_mem_gen_0_0.vds -m64 -product Vivado -mode batch -messageDb vivado.pb -notrace -source BRAM_blk_mem_gen_0_0.tcl


****** Vivado v2016.4 (64-bit)
  **** SW Build 1756540 on Mon Jan 23 19:11:19 MST 2017
  **** IP Build 1755317 on Mon Jan 23 20:30:07 MST 2017
    ** Copyright 1986-2016 Xilinx, Inc. All Rights Reserved.

source BRAM_blk_mem_gen_0_0.tcl -notrace
Starting RTL Elaboration : Time (s): cpu = 00:00:09 ; elapsed = 00:00:23 . Memory (MB): peak = 1066.562 ; gain = 136.098 ; free physical = 1261 ; free virtual = 8673
INFO: [Synth 8-638] synthesizing module 'BRAM_blk_mem_gen_0_0' [/media/atishya/New_Volume1/books_and_papers/Iit/2nd_year/2nd_sem/COl216/Labs/ArchitectureAssignments/Lab4And5/Processor_4/Processor_4.srcs/sources_1/bd/BRAM/ip/BRAM_blk_mem_gen_0_0/synth/BRAM_blk_mem_gen_0_0.vhd:71]
INFO: [Synth 8-256] done synthesizing module 'BRAM_blk_mem_gen_0_0' (9#1) [/media/atishya/New_Volume1/books_and_papers/Iit/2nd_year/2nd_sem/COl216/Labs/ArchitectureAssignments/Lab4And5/Processor_4/Processor_4.srcs/sources_1/bd/BRAM/ip/BRAM_blk_mem_gen_0_0/synth/BRAM_blk_mem_gen_0_0.vhd:71]
Finished RTL Elaboration : Time (s): cpu = 00:00:59 ; elapsed = 00:01:14 . Memory (MB): peak = 1265.703 ; gain = 335.238 ; free physical = 1031 ; free virtual = 8475
Finished RTL Optimization Phase 1 : Time (s): cpu = 00:00:59 ; elapsed = 00:01:14 . Memory (MB): peak = 1265.703 ; gain = 335.238 ; free physical = 1025 ; free virtual = 8475
INFO: [Device 21-403] Loading part xc7a35tcpg236-1
Constraint Validation Runtime : Time (s): cpu = 00:00:00.02 ; elapsed = 00:00:00.03 . Memory (MB): peak = 1372.562 ; gain = 0.000 ; free physical = 976 ; free virtual = 8461
Finished Constraint Validation : Time (s): cpu = 00:01:08 ; elapsed = 00:01:26 . Memory (MB): peak = 1372.562 ; gain = 442.098 ; free physical = 969 ; free virtual = 8460
Finished Loading Part and Timing Information : Time (s): cpu = 00:01:08 ; elapsed = 00:01:26 . Memory (MB): peak = 1372.562 ; gain = 442.098 ; free physical = 969 ; free virtual = 8460
Finished applying 'set_property' XDC Constraints : Time (s): cpu = 00:01:08 ; elapsed = 00:01:26 . Memory (MB): peak = 1372.562 ; gain = 442.098 ; free physical = 969 ; free virtual = 8460
Finished RTL Optimization Phase 2 : Time (s): cpu = 00:01:08 ; elapsed = 00:01:26 . Memory (MB): peak = 1372.562 ; gain = 442.098 ; free physical = 961 ; free virtual = 8452
Finished Cross Boundary and Area Optimization : Time (s): cpu = 00:01:08 ; elapsed = 00:01:26 . Memory (MB): peak = 1372.562 ; gain = 442.098 ; free physical = 961 ; free virtual = 8452
Finished Applying XDC Timing Constraints : Time (s): cpu = 00:01:16 ; elapsed = 00:01:34 . Memory (MB): peak = 1393.562 ; gain = 463.098 ; free physical = 918 ; free virtual = 8416
Finished Timing Optimization : Time (s): cpu = 00:01:16 ; elapsed = 00:01:34 . Memory (MB): peak = 1393.562 ; gain = 463.098 ; free physical = 918 ; free virtual = 8416
Finished Technology Mapping : Time (s): cpu = 00:01:16 ; elapsed = 00:01:34 . Memory (MB): peak = 1403.578 ; gain = 473.113 ; free physical = 909 ; free virtual = 8407
Finished IO Insertion : Time (s): cpu = 00:01:16 ; elapsed = 00:01:34 . Memory (MB): peak = 1403.578 ; gain = 473.113 ; free physical = 908 ; free virtual = 8406
Finished Renaming Generated Instances : Time (s): cpu = 00:01:16 ; elapsed = 00:01:34 . Memory (MB): peak = 1403.578 ; gain = 473.113 ; free physical = 908 ; free virtual = 8406
Finished Rebuilding User Hierarchy : Time (s): cpu = 00:01:16 ; elapsed = 00:01:34 . Memory (MB): peak = 1403.578 ; gain = 473.113 ; free physical = 908 ; free virtual = 8406
Finished Renaming Generated Ports : Time (s): cpu = 00:01:16 ; elapsed = 00:01:34 . Memory (MB): peak = 1403.578 ; gain = 473.113 ; free physical = 908 ; free virtual = 8406
Finished Handling Custom Attributes : Time (s): cpu = 00:01:16 ; elapsed = 00:01:34 . Memory (MB): peak = 1403.578 ; gain = 473.113 ; free physical = 908 ; free virtual = 8406
Finished Renaming Generated Nets : Time (s): cpu = 00:01:16 ; elapsed = 00:01:34 . Memory (MB): peak = 1403.578 ; gain = 473.113 ; free physical = 908 ; free virtual = 8406

Report Cell Usage: 
+------+-----------+------+
|      |Cell       |Count |
+------+-----------+------+
|1     |RAMB36E1   |     1|
|2     |RAMB36E1_1 |     1|
+------+-----------+------+
Finished Writing Synthesis Report : Time (s): cpu = 00:01:16 ; elapsed = 00:01:34 . Memory (MB): peak = 1403.578 ; gain = 473.113 ; free physical = 908 ; free virtual = 8406
synth_design: Time (s): cpu = 00:01:14 ; elapsed = 00:01:18 . Memory (MB): peak = 1423.094 ; gain = 423.113 ; free physical = 889 ; free virtual = 8388
