
*** Running vivado
    with args -log BRAM_blk_mem_gen_0_0.vds -m64 -product Vivado -mode batch -messageDb vivado.pb -notrace -source BRAM_blk_mem_gen_0_0.tcl


****** Vivado v2016.4 (64-bit)
  **** SW Build 1756540 on Mon Jan 23 19:11:19 MST 2017
  **** IP Build 1755317 on Mon Jan 23 20:30:07 MST 2017
    ** Copyright 1986-2016 Xilinx, Inc. All Rights Reserved.

source BRAM_blk_mem_gen_0_0.tcl -notrace
Starting RTL Elaboration : Time (s): cpu = 00:00:08 ; elapsed = 00:00:16 . Memory (MB): peak = 1066.566 ; gain = 136.098 ; free physical = 1447 ; free virtual = 9448
INFO: [Synth 8-638] synthesizing module 'BRAM_blk_mem_gen_0_0' [/media/atishya/New_Volume1/books_and_papers/Iit/2nd_year/2nd_sem/COl216/Labs/ArchitectureAssignments/Lab4And5/Processor_4/Processor_4.srcs/sources_1/bd/BRAM/ip/BRAM_blk_mem_gen_0_0/synth/BRAM_blk_mem_gen_0_0.vhd:71]
INFO: [Synth 8-256] done synthesizing module 'BRAM_blk_mem_gen_0_0' (9#1) [/media/atishya/New_Volume1/books_and_papers/Iit/2nd_year/2nd_sem/COl216/Labs/ArchitectureAssignments/Lab4And5/Processor_4/Processor_4.srcs/sources_1/bd/BRAM/ip/BRAM_blk_mem_gen_0_0/synth/BRAM_blk_mem_gen_0_0.vhd:71]
Finished RTL Elaboration : Time (s): cpu = 00:01:01 ; elapsed = 00:01:09 . Memory (MB): peak = 1265.707 ; gain = 335.238 ; free physical = 1226 ; free virtual = 9240
Finished RTL Optimization Phase 1 : Time (s): cpu = 00:01:01 ; elapsed = 00:01:09 . Memory (MB): peak = 1265.707 ; gain = 335.238 ; free physical = 1221 ; free virtual = 9239
INFO: [Device 21-403] Loading part xc7a35tcpg236-1
Constraint Validation Runtime : Time (s): cpu = 00:00:00.02 ; elapsed = 00:00:00.02 . Memory (MB): peak = 1368.527 ; gain = 0.000 ; free physical = 1173 ; free virtual = 9224
Finished Constraint Validation : Time (s): cpu = 00:01:10 ; elapsed = 00:01:20 . Memory (MB): peak = 1368.527 ; gain = 438.059 ; free physical = 1167 ; free virtual = 9223
Finished Loading Part and Timing Information : Time (s): cpu = 00:01:10 ; elapsed = 00:01:20 . Memory (MB): peak = 1368.527 ; gain = 438.059 ; free physical = 1167 ; free virtual = 9223
Finished applying 'set_property' XDC Constraints : Time (s): cpu = 00:01:10 ; elapsed = 00:01:20 . Memory (MB): peak = 1368.527 ; gain = 438.059 ; free physical = 1167 ; free virtual = 9223
Finished RTL Optimization Phase 2 : Time (s): cpu = 00:01:11 ; elapsed = 00:01:20 . Memory (MB): peak = 1368.527 ; gain = 438.059 ; free physical = 1159 ; free virtual = 9215
Finished Cross Boundary and Area Optimization : Time (s): cpu = 00:01:11 ; elapsed = 00:01:20 . Memory (MB): peak = 1368.527 ; gain = 438.059 ; free physical = 1159 ; free virtual = 9215
Finished Applying XDC Timing Constraints : Time (s): cpu = 00:01:18 ; elapsed = 00:01:28 . Memory (MB): peak = 1389.527 ; gain = 459.059 ; free physical = 1118 ; free virtual = 9181
Finished Timing Optimization : Time (s): cpu = 00:01:18 ; elapsed = 00:01:28 . Memory (MB): peak = 1390.527 ; gain = 460.059 ; free physical = 1118 ; free virtual = 9181
Finished Technology Mapping : Time (s): cpu = 00:01:19 ; elapsed = 00:01:28 . Memory (MB): peak = 1399.543 ; gain = 469.074 ; free physical = 1109 ; free virtual = 9172
Finished IO Insertion : Time (s): cpu = 00:01:19 ; elapsed = 00:01:29 . Memory (MB): peak = 1399.543 ; gain = 469.074 ; free physical = 1108 ; free virtual = 9171
Finished Renaming Generated Instances : Time (s): cpu = 00:01:19 ; elapsed = 00:01:29 . Memory (MB): peak = 1399.543 ; gain = 469.074 ; free physical = 1108 ; free virtual = 9171
Finished Rebuilding User Hierarchy : Time (s): cpu = 00:01:19 ; elapsed = 00:01:29 . Memory (MB): peak = 1399.543 ; gain = 469.074 ; free physical = 1108 ; free virtual = 9172
Finished Renaming Generated Ports : Time (s): cpu = 00:01:19 ; elapsed = 00:01:29 . Memory (MB): peak = 1399.543 ; gain = 469.074 ; free physical = 1108 ; free virtual = 9171
Finished Handling Custom Attributes : Time (s): cpu = 00:01:19 ; elapsed = 00:01:29 . Memory (MB): peak = 1399.543 ; gain = 469.074 ; free physical = 1108 ; free virtual = 9171
Finished Renaming Generated Nets : Time (s): cpu = 00:01:19 ; elapsed = 00:01:29 . Memory (MB): peak = 1399.543 ; gain = 469.074 ; free physical = 1108 ; free virtual = 9171

Report Cell Usage: 
+------+-----------+------+
|      |Cell       |Count |
+------+-----------+------+
|1     |RAMB36E1   |     1|
|2     |RAMB36E1_1 |     1|
+------+-----------+------+
Finished Writing Synthesis Report : Time (s): cpu = 00:01:19 ; elapsed = 00:01:29 . Memory (MB): peak = 1399.543 ; gain = 469.074 ; free physical = 1108 ; free virtual = 9171
synth_design: Time (s): cpu = 00:01:17 ; elapsed = 00:01:20 . Memory (MB): peak = 1419.059 ; gain = 419.074 ; free physical = 1088 ; free virtual = 9153
