
*** Running vivado
    with args -log BRAM_blk_mem_gen_0_0.vds -m64 -product Vivado -mode batch -messageDb vivado.pb -notrace -source BRAM_blk_mem_gen_0_0.tcl


****** Vivado v2016.4 (64-bit)
  **** SW Build 1756540 on Mon Jan 23 19:11:19 MST 2017
  **** IP Build 1755317 on Mon Jan 23 20:30:07 MST 2017
    ** Copyright 1986-2016 Xilinx, Inc. All Rights Reserved.

source BRAM_blk_mem_gen_0_0.tcl -notrace
Starting RTL Elaboration : Time (s): cpu = 00:00:08 ; elapsed = 00:00:25 . Memory (MB): peak = 1066.562 ; gain = 136.098 ; free physical = 1242 ; free virtual = 8556
INFO: [Synth 8-638] synthesizing module 'BRAM_blk_mem_gen_0_0' [/media/atishya/New_Volume1/books_and_papers/Iit/2nd_year/2nd_sem/COl216/Labs/ArchitectureAssignments/Lab4And5/Processor_4/Processor_4.srcs/sources_1/bd/BRAM/ip/BRAM_blk_mem_gen_0_0/synth/BRAM_blk_mem_gen_0_0.vhd:71]
INFO: [Synth 8-256] done synthesizing module 'BRAM_blk_mem_gen_0_0' (9#1) [/media/atishya/New_Volume1/books_and_papers/Iit/2nd_year/2nd_sem/COl216/Labs/ArchitectureAssignments/Lab4And5/Processor_4/Processor_4.srcs/sources_1/bd/BRAM/ip/BRAM_blk_mem_gen_0_0/synth/BRAM_blk_mem_gen_0_0.vhd:71]
Finished RTL Elaboration : Time (s): cpu = 00:00:59 ; elapsed = 00:01:16 . Memory (MB): peak = 1265.703 ; gain = 335.238 ; free physical = 1027 ; free virtual = 8353
Finished RTL Optimization Phase 1 : Time (s): cpu = 00:00:59 ; elapsed = 00:01:16 . Memory (MB): peak = 1265.703 ; gain = 335.238 ; free physical = 1022 ; free virtual = 8353
INFO: [Device 21-403] Loading part xc7a35tcpg236-1
Constraint Validation Runtime : Time (s): cpu = 00:00:00.04 ; elapsed = 00:00:00.08 . Memory (MB): peak = 1373.562 ; gain = 1.000 ; free physical = 971 ; free virtual = 8339
Finished Constraint Validation : Time (s): cpu = 00:01:08 ; elapsed = 00:01:28 . Memory (MB): peak = 1373.562 ; gain = 443.098 ; free physical = 965 ; free virtual = 8339
Finished Loading Part and Timing Information : Time (s): cpu = 00:01:08 ; elapsed = 00:01:28 . Memory (MB): peak = 1373.562 ; gain = 443.098 ; free physical = 965 ; free virtual = 8339
Finished applying 'set_property' XDC Constraints : Time (s): cpu = 00:01:08 ; elapsed = 00:01:28 . Memory (MB): peak = 1373.562 ; gain = 443.098 ; free physical = 965 ; free virtual = 8339
Finished RTL Optimization Phase 2 : Time (s): cpu = 00:01:09 ; elapsed = 00:01:29 . Memory (MB): peak = 1373.562 ; gain = 443.098 ; free physical = 958 ; free virtual = 8332
Finished Cross Boundary and Area Optimization : Time (s): cpu = 00:01:09 ; elapsed = 00:01:29 . Memory (MB): peak = 1373.562 ; gain = 443.098 ; free physical = 932 ; free virtual = 8308
Finished Applying XDC Timing Constraints : Time (s): cpu = 00:01:16 ; elapsed = 00:01:36 . Memory (MB): peak = 1393.562 ; gain = 463.098 ; free physical = 884 ; free virtual = 8267
Finished Timing Optimization : Time (s): cpu = 00:01:16 ; elapsed = 00:01:36 . Memory (MB): peak = 1393.562 ; gain = 463.098 ; free physical = 884 ; free virtual = 8266
Finished Technology Mapping : Time (s): cpu = 00:01:16 ; elapsed = 00:01:36 . Memory (MB): peak = 1403.578 ; gain = 473.113 ; free physical = 875 ; free virtual = 8257
Finished IO Insertion : Time (s): cpu = 00:01:16 ; elapsed = 00:01:37 . Memory (MB): peak = 1403.578 ; gain = 473.113 ; free physical = 874 ; free virtual = 8257
Finished Renaming Generated Instances : Time (s): cpu = 00:01:16 ; elapsed = 00:01:37 . Memory (MB): peak = 1403.578 ; gain = 473.113 ; free physical = 874 ; free virtual = 8257
Finished Rebuilding User Hierarchy : Time (s): cpu = 00:01:16 ; elapsed = 00:01:37 . Memory (MB): peak = 1403.578 ; gain = 473.113 ; free physical = 874 ; free virtual = 8257
Finished Renaming Generated Ports : Time (s): cpu = 00:01:17 ; elapsed = 00:01:37 . Memory (MB): peak = 1403.578 ; gain = 473.113 ; free physical = 874 ; free virtual = 8257
Finished Handling Custom Attributes : Time (s): cpu = 00:01:17 ; elapsed = 00:01:37 . Memory (MB): peak = 1403.578 ; gain = 473.113 ; free physical = 874 ; free virtual = 8257
Finished Renaming Generated Nets : Time (s): cpu = 00:01:17 ; elapsed = 00:01:37 . Memory (MB): peak = 1403.578 ; gain = 473.113 ; free physical = 874 ; free virtual = 8257

Report Cell Usage: 
+------+-----------+------+
|      |Cell       |Count |
+------+-----------+------+
|1     |RAMB36E1   |     1|
|2     |RAMB36E1_1 |     1|
+------+-----------+------+
Finished Writing Synthesis Report : Time (s): cpu = 00:01:17 ; elapsed = 00:01:37 . Memory (MB): peak = 1403.578 ; gain = 473.113 ; free physical = 874 ; free virtual = 8257
synth_design: Time (s): cpu = 00:01:15 ; elapsed = 00:01:19 . Memory (MB): peak = 1423.094 ; gain = 423.113 ; free physical = 854 ; free virtual = 8238
