
*** Running vivado
    with args -log BRAM_blk_mem_gen_0_0.vds -m64 -product Vivado -mode batch -messageDb vivado.pb -notrace -source BRAM_blk_mem_gen_0_0.tcl


****** Vivado v2016.4 (64-bit)
  **** SW Build 1756540 on Mon Jan 23 19:11:19 MST 2017
  **** IP Build 1755317 on Mon Jan 23 20:30:07 MST 2017
    ** Copyright 1986-2016 Xilinx, Inc. All Rights Reserved.

source BRAM_blk_mem_gen_0_0.tcl -notrace
Starting RTL Elaboration : Time (s): cpu = 00:00:07 ; elapsed = 00:00:07 . Memory (MB): peak = 1064.547 ; gain = 134.086 ; free physical = 949 ; free virtual = 10901
INFO: [Synth 8-638] synthesizing module 'BRAM_blk_mem_gen_0_0' [/home/mayanksingh2298/IIT_Course/sem4/col216/Labs/ArchitectureAssignments-LAB5DEMO/Lab4And5/Processor_4/Processor_4.srcs/sources_1/bd/BRAM/ip/BRAM_blk_mem_gen_0_0/synth/BRAM_blk_mem_gen_0_0.vhd:71]
INFO: [Synth 8-256] done synthesizing module 'BRAM_blk_mem_gen_0_0' (9#1) [/home/mayanksingh2298/IIT_Course/sem4/col216/Labs/ArchitectureAssignments-LAB5DEMO/Lab4And5/Processor_4/Processor_4.srcs/sources_1/bd/BRAM/ip/BRAM_blk_mem_gen_0_0/synth/BRAM_blk_mem_gen_0_0.vhd:71]
Finished RTL Elaboration : Time (s): cpu = 00:00:56 ; elapsed = 00:00:56 . Memory (MB): peak = 1263.688 ; gain = 333.227 ; free physical = 746 ; free virtual = 10699
Finished RTL Optimization Phase 1 : Time (s): cpu = 00:00:56 ; elapsed = 00:00:56 . Memory (MB): peak = 1263.688 ; gain = 333.227 ; free physical = 746 ; free virtual = 10699
INFO: [Device 21-403] Loading part xc7a35tcpg236-1
Constraint Validation Runtime : Time (s): cpu = 00:00:00.01 ; elapsed = 00:00:00.01 . Memory (MB): peak = 1366.508 ; gain = 0.000 ; free physical = 732 ; free virtual = 10685
Finished Constraint Validation : Time (s): cpu = 00:01:04 ; elapsed = 00:01:04 . Memory (MB): peak = 1366.508 ; gain = 436.047 ; free physical = 731 ; free virtual = 10684
Finished Loading Part and Timing Information : Time (s): cpu = 00:01:04 ; elapsed = 00:01:04 . Memory (MB): peak = 1366.508 ; gain = 436.047 ; free physical = 731 ; free virtual = 10684
Finished applying 'set_property' XDC Constraints : Time (s): cpu = 00:01:04 ; elapsed = 00:01:04 . Memory (MB): peak = 1366.508 ; gain = 436.047 ; free physical = 731 ; free virtual = 10684
Finished RTL Optimization Phase 2 : Time (s): cpu = 00:01:04 ; elapsed = 00:01:05 . Memory (MB): peak = 1366.508 ; gain = 436.047 ; free physical = 727 ; free virtual = 10680
Finished Cross Boundary and Area Optimization : Time (s): cpu = 00:01:04 ; elapsed = 00:01:05 . Memory (MB): peak = 1366.508 ; gain = 436.047 ; free physical = 727 ; free virtual = 10680
Finished Applying XDC Timing Constraints : Time (s): cpu = 00:01:11 ; elapsed = 00:01:12 . Memory (MB): peak = 1386.508 ; gain = 456.047 ; free physical = 689 ; free virtual = 10642
Finished Timing Optimization : Time (s): cpu = 00:01:11 ; elapsed = 00:01:12 . Memory (MB): peak = 1386.508 ; gain = 456.047 ; free physical = 689 ; free virtual = 10642
Finished Technology Mapping : Time (s): cpu = 00:01:11 ; elapsed = 00:01:12 . Memory (MB): peak = 1396.523 ; gain = 466.062 ; free physical = 680 ; free virtual = 10633
Finished IO Insertion : Time (s): cpu = 00:01:12 ; elapsed = 00:01:12 . Memory (MB): peak = 1396.523 ; gain = 466.062 ; free physical = 680 ; free virtual = 10633
Finished Renaming Generated Instances : Time (s): cpu = 00:01:12 ; elapsed = 00:01:12 . Memory (MB): peak = 1396.523 ; gain = 466.062 ; free physical = 680 ; free virtual = 10633
Finished Rebuilding User Hierarchy : Time (s): cpu = 00:01:12 ; elapsed = 00:01:12 . Memory (MB): peak = 1396.523 ; gain = 466.062 ; free physical = 680 ; free virtual = 10633
Finished Renaming Generated Ports : Time (s): cpu = 00:01:12 ; elapsed = 00:01:12 . Memory (MB): peak = 1396.523 ; gain = 466.062 ; free physical = 680 ; free virtual = 10633
Finished Handling Custom Attributes : Time (s): cpu = 00:01:12 ; elapsed = 00:01:12 . Memory (MB): peak = 1396.523 ; gain = 466.062 ; free physical = 680 ; free virtual = 10632
Finished Renaming Generated Nets : Time (s): cpu = 00:01:12 ; elapsed = 00:01:12 . Memory (MB): peak = 1396.523 ; gain = 466.062 ; free physical = 680 ; free virtual = 10632

Report Cell Usage: 
+------+-----------+------+
|      |Cell       |Count |
+------+-----------+------+
|1     |RAMB36E1   |     1|
|2     |RAMB36E1_1 |     1|
+------+-----------+------+
Finished Writing Synthesis Report : Time (s): cpu = 00:01:12 ; elapsed = 00:01:12 . Memory (MB): peak = 1396.523 ; gain = 466.062 ; free physical = 680 ; free virtual = 10632
synth_design: Time (s): cpu = 00:01:11 ; elapsed = 00:01:11 . Memory (MB): peak = 1416.039 ; gain = 418.074 ; free physical = 657 ; free virtual = 10613
