
*** Running vivado
    with args -log BRAM_blk_mem_gen_0_0.vds -m64 -product Vivado -mode batch -messageDb vivado.pb -notrace -source BRAM_blk_mem_gen_0_0.tcl


****** Vivado v2016.4 (64-bit)
  **** SW Build 1756540 on Mon Jan 23 19:11:19 MST 2017
  **** IP Build 1755317 on Mon Jan 23 20:30:07 MST 2017
    ** Copyright 1986-2016 Xilinx, Inc. All Rights Reserved.

source BRAM_blk_mem_gen_0_0.tcl -notrace
Starting RTL Elaboration : Time (s): cpu = 00:00:08 ; elapsed = 00:00:17 . Memory (MB): peak = 1066.570 ; gain = 136.098 ; free physical = 1203 ; free virtual = 8382
INFO: [Synth 8-638] synthesizing module 'BRAM_blk_mem_gen_0_0' [/media/atishya/New_Volume1/books_and_papers/Iit/2nd_year/2nd_sem/COl216/Labs/ArchitectureAssignments/Lab4And5/Processor_4/Processor_4.srcs/sources_1/bd/BRAM/ip/BRAM_blk_mem_gen_0_0/synth/BRAM_blk_mem_gen_0_0.vhd:71]
INFO: [Synth 8-256] done synthesizing module 'BRAM_blk_mem_gen_0_0' (9#1) [/media/atishya/New_Volume1/books_and_papers/Iit/2nd_year/2nd_sem/COl216/Labs/ArchitectureAssignments/Lab4And5/Processor_4/Processor_4.srcs/sources_1/bd/BRAM/ip/BRAM_blk_mem_gen_0_0/synth/BRAM_blk_mem_gen_0_0.vhd:71]
Finished RTL Elaboration : Time (s): cpu = 00:00:58 ; elapsed = 00:01:08 . Memory (MB): peak = 1265.711 ; gain = 335.238 ; free physical = 985 ; free virtual = 8175
Finished RTL Optimization Phase 1 : Time (s): cpu = 00:00:58 ; elapsed = 00:01:08 . Memory (MB): peak = 1265.711 ; gain = 335.238 ; free physical = 980 ; free virtual = 8175
INFO: [Device 21-403] Loading part xc7a35tcpg236-1
Constraint Validation Runtime : Time (s): cpu = 00:00:00.01 ; elapsed = 00:00:00.01 . Memory (MB): peak = 1372.570 ; gain = 0.000 ; free physical = 932 ; free virtual = 8160
Finished Constraint Validation : Time (s): cpu = 00:01:08 ; elapsed = 00:01:20 . Memory (MB): peak = 1372.570 ; gain = 442.098 ; free physical = 897 ; free virtual = 8131
Finished Loading Part and Timing Information : Time (s): cpu = 00:01:08 ; elapsed = 00:01:20 . Memory (MB): peak = 1372.570 ; gain = 442.098 ; free physical = 897 ; free virtual = 8131
Finished applying 'set_property' XDC Constraints : Time (s): cpu = 00:01:08 ; elapsed = 00:01:20 . Memory (MB): peak = 1372.570 ; gain = 442.098 ; free physical = 897 ; free virtual = 8131
Finished RTL Optimization Phase 2 : Time (s): cpu = 00:01:08 ; elapsed = 00:01:20 . Memory (MB): peak = 1372.570 ; gain = 442.098 ; free physical = 889 ; free virtual = 8123
Finished Cross Boundary and Area Optimization : Time (s): cpu = 00:01:08 ; elapsed = 00:01:20 . Memory (MB): peak = 1372.570 ; gain = 442.098 ; free physical = 889 ; free virtual = 8123
Finished Applying XDC Timing Constraints : Time (s): cpu = 00:01:15 ; elapsed = 00:01:28 . Memory (MB): peak = 1393.570 ; gain = 463.098 ; free physical = 847 ; free virtual = 8088
Finished Timing Optimization : Time (s): cpu = 00:01:15 ; elapsed = 00:01:28 . Memory (MB): peak = 1393.570 ; gain = 463.098 ; free physical = 847 ; free virtual = 8088
Finished Technology Mapping : Time (s): cpu = 00:01:15 ; elapsed = 00:01:28 . Memory (MB): peak = 1402.586 ; gain = 472.113 ; free physical = 838 ; free virtual = 8079
Finished IO Insertion : Time (s): cpu = 00:01:16 ; elapsed = 00:01:28 . Memory (MB): peak = 1402.586 ; gain = 472.113 ; free physical = 838 ; free virtual = 8079
Finished Renaming Generated Instances : Time (s): cpu = 00:01:16 ; elapsed = 00:01:28 . Memory (MB): peak = 1402.586 ; gain = 472.113 ; free physical = 838 ; free virtual = 8079
Finished Rebuilding User Hierarchy : Time (s): cpu = 00:01:16 ; elapsed = 00:01:28 . Memory (MB): peak = 1402.586 ; gain = 472.113 ; free physical = 838 ; free virtual = 8079
Finished Renaming Generated Ports : Time (s): cpu = 00:01:16 ; elapsed = 00:01:28 . Memory (MB): peak = 1402.586 ; gain = 472.113 ; free physical = 838 ; free virtual = 8079
Finished Handling Custom Attributes : Time (s): cpu = 00:01:16 ; elapsed = 00:01:28 . Memory (MB): peak = 1402.586 ; gain = 472.113 ; free physical = 838 ; free virtual = 8079
Finished Renaming Generated Nets : Time (s): cpu = 00:01:16 ; elapsed = 00:01:28 . Memory (MB): peak = 1402.586 ; gain = 472.113 ; free physical = 838 ; free virtual = 8079

Report Cell Usage: 
+------+-----------+------+
|      |Cell       |Count |
+------+-----------+------+
|1     |RAMB36E1   |     1|
|2     |RAMB36E1_1 |     1|
+------+-----------+------+
Finished Writing Synthesis Report : Time (s): cpu = 00:01:16 ; elapsed = 00:01:28 . Memory (MB): peak = 1402.586 ; gain = 472.113 ; free physical = 838 ; free virtual = 8079
synth_design: Time (s): cpu = 00:01:14 ; elapsed = 00:01:18 . Memory (MB): peak = 1422.102 ; gain = 422.113 ; free physical = 818 ; free virtual = 8060
