
*** Running vivado
    with args -log BRAM_blk_mem_gen_0_0.vds -m64 -product Vivado -mode batch -messageDb vivado.pb -notrace -source BRAM_blk_mem_gen_0_0.tcl


****** Vivado v2016.4 (64-bit)
  **** SW Build 1756540 on Mon Jan 23 19:11:19 MST 2017
  **** IP Build 1755317 on Mon Jan 23 20:30:07 MST 2017
    ** Copyright 1986-2016 Xilinx, Inc. All Rights Reserved.

source BRAM_blk_mem_gen_0_0.tcl -notrace
Starting RTL Elaboration : Time (s): cpu = 00:00:07 ; elapsed = 00:00:07 . Memory (MB): peak = 1064.555 ; gain = 134.086 ; free physical = 2651 ; free virtual = 13424
INFO: [Synth 8-638] synthesizing module 'BRAM_blk_mem_gen_0_0' [/home/mayanksingh2298/IIT_Course/sem4/col216/Labs/ArchitectureAssignments-LAB5DEMO/Lab4And5/Processor_4/Processor_4.srcs/sources_1/bd/BRAM/ip/BRAM_blk_mem_gen_0_0/synth/BRAM_blk_mem_gen_0_0.vhd:71]
INFO: [Synth 8-256] done synthesizing module 'BRAM_blk_mem_gen_0_0' (9#1) [/home/mayanksingh2298/IIT_Course/sem4/col216/Labs/ArchitectureAssignments-LAB5DEMO/Lab4And5/Processor_4/Processor_4.srcs/sources_1/bd/BRAM/ip/BRAM_blk_mem_gen_0_0/synth/BRAM_blk_mem_gen_0_0.vhd:71]
Finished RTL Elaboration : Time (s): cpu = 00:00:55 ; elapsed = 00:00:56 . Memory (MB): peak = 1263.695 ; gain = 333.227 ; free physical = 2447 ; free virtual = 13222
Finished RTL Optimization Phase 1 : Time (s): cpu = 00:00:55 ; elapsed = 00:00:56 . Memory (MB): peak = 1263.695 ; gain = 333.227 ; free physical = 2447 ; free virtual = 13221
INFO: [Device 21-403] Loading part xc7a35tcpg236-1
Constraint Validation Runtime : Time (s): cpu = 00:00:00.02 ; elapsed = 00:00:00.07 . Memory (MB): peak = 1370.555 ; gain = 0.000 ; free physical = 2415 ; free virtual = 13208
Finished Constraint Validation : Time (s): cpu = 00:01:04 ; elapsed = 00:01:06 . Memory (MB): peak = 1370.555 ; gain = 440.086 ; free physical = 2414 ; free virtual = 13207
Finished Loading Part and Timing Information : Time (s): cpu = 00:01:04 ; elapsed = 00:01:06 . Memory (MB): peak = 1370.555 ; gain = 440.086 ; free physical = 2414 ; free virtual = 13207
Finished applying 'set_property' XDC Constraints : Time (s): cpu = 00:01:04 ; elapsed = 00:01:06 . Memory (MB): peak = 1370.555 ; gain = 440.086 ; free physical = 2414 ; free virtual = 13207
Finished RTL Optimization Phase 2 : Time (s): cpu = 00:01:04 ; elapsed = 00:01:06 . Memory (MB): peak = 1370.555 ; gain = 440.086 ; free physical = 2410 ; free virtual = 13203
Finished Cross Boundary and Area Optimization : Time (s): cpu = 00:01:04 ; elapsed = 00:01:06 . Memory (MB): peak = 1370.555 ; gain = 440.086 ; free physical = 2410 ; free virtual = 13203
Finished Applying XDC Timing Constraints : Time (s): cpu = 00:01:11 ; elapsed = 00:01:13 . Memory (MB): peak = 1391.555 ; gain = 461.086 ; free physical = 2364 ; free virtual = 13164
Finished Timing Optimization : Time (s): cpu = 00:01:11 ; elapsed = 00:01:13 . Memory (MB): peak = 1391.555 ; gain = 461.086 ; free physical = 2364 ; free virtual = 13164
Finished Technology Mapping : Time (s): cpu = 00:01:11 ; elapsed = 00:01:13 . Memory (MB): peak = 1401.570 ; gain = 471.102 ; free physical = 2354 ; free virtual = 13155
Finished IO Insertion : Time (s): cpu = 00:01:11 ; elapsed = 00:01:14 . Memory (MB): peak = 1401.570 ; gain = 471.102 ; free physical = 2354 ; free virtual = 13155
Finished Renaming Generated Instances : Time (s): cpu = 00:01:11 ; elapsed = 00:01:14 . Memory (MB): peak = 1401.570 ; gain = 471.102 ; free physical = 2354 ; free virtual = 13155
Finished Rebuilding User Hierarchy : Time (s): cpu = 00:01:11 ; elapsed = 00:01:14 . Memory (MB): peak = 1401.570 ; gain = 471.102 ; free physical = 2354 ; free virtual = 13155
Finished Renaming Generated Ports : Time (s): cpu = 00:01:11 ; elapsed = 00:01:14 . Memory (MB): peak = 1401.570 ; gain = 471.102 ; free physical = 2354 ; free virtual = 13155
Finished Handling Custom Attributes : Time (s): cpu = 00:01:11 ; elapsed = 00:01:14 . Memory (MB): peak = 1401.570 ; gain = 471.102 ; free physical = 2354 ; free virtual = 13155
Finished Renaming Generated Nets : Time (s): cpu = 00:01:11 ; elapsed = 00:01:14 . Memory (MB): peak = 1401.570 ; gain = 471.102 ; free physical = 2354 ; free virtual = 13155

Report Cell Usage: 
+------+-----------+------+
|      |Cell       |Count |
+------+-----------+------+
|1     |RAMB36E1   |     1|
|2     |RAMB36E1_1 |     1|
+------+-----------+------+
Finished Writing Synthesis Report : Time (s): cpu = 00:01:11 ; elapsed = 00:01:14 . Memory (MB): peak = 1401.570 ; gain = 471.102 ; free physical = 2354 ; free virtual = 13155
synth_design: Time (s): cpu = 00:01:11 ; elapsed = 00:01:13 . Memory (MB): peak = 1420.086 ; gain = 422.113 ; free physical = 2334 ; free virtual = 13136
