
*** Running vivado
    with args -log BRAM_blk_mem_gen_0_0.vds -m64 -product Vivado -mode batch -messageDb vivado.pb -notrace -source BRAM_blk_mem_gen_0_0.tcl


****** Vivado v2016.4 (64-bit)
  **** SW Build 1756540 on Mon Jan 23 19:11:19 MST 2017
  **** IP Build 1755317 on Mon Jan 23 20:30:07 MST 2017
    ** Copyright 1986-2016 Xilinx, Inc. All Rights Reserved.

source BRAM_blk_mem_gen_0_0.tcl -notrace
Starting RTL Elaboration : Time (s): cpu = 00:00:08 ; elapsed = 00:00:17 . Memory (MB): peak = 1066.562 ; gain = 136.098 ; free physical = 1425 ; free virtual = 9346
INFO: [Synth 8-638] synthesizing module 'BRAM_blk_mem_gen_0_0' [/media/atishya/New_Volume1/books_and_papers/Iit/2nd_year/2nd_sem/COl216/Labs/ArchitectureAssignments/Lab4And5/Processor_4/Processor_4.srcs/sources_1/bd/BRAM/ip/BRAM_blk_mem_gen_0_0/synth/BRAM_blk_mem_gen_0_0.vhd:71]
INFO: [Synth 8-256] done synthesizing module 'BRAM_blk_mem_gen_0_0' (9#1) [/media/atishya/New_Volume1/books_and_papers/Iit/2nd_year/2nd_sem/COl216/Labs/ArchitectureAssignments/Lab4And5/Processor_4/Processor_4.srcs/sources_1/bd/BRAM/ip/BRAM_blk_mem_gen_0_0/synth/BRAM_blk_mem_gen_0_0.vhd:71]
Finished RTL Elaboration : Time (s): cpu = 00:01:00 ; elapsed = 00:01:09 . Memory (MB): peak = 1265.703 ; gain = 335.238 ; free physical = 1220 ; free virtual = 9147
Finished RTL Optimization Phase 1 : Time (s): cpu = 00:01:01 ; elapsed = 00:01:10 . Memory (MB): peak = 1265.703 ; gain = 335.238 ; free physical = 1214 ; free virtual = 9147
INFO: [Device 21-403] Loading part xc7a35tcpg236-1
Constraint Validation Runtime : Time (s): cpu = 00:00:00.02 ; elapsed = 00:00:00.03 . Memory (MB): peak = 1369.523 ; gain = 1.000 ; free physical = 1173 ; free virtual = 9131
Finished Constraint Validation : Time (s): cpu = 00:01:10 ; elapsed = 00:01:21 . Memory (MB): peak = 1369.523 ; gain = 439.059 ; free physical = 1167 ; free virtual = 9130
Finished Loading Part and Timing Information : Time (s): cpu = 00:01:10 ; elapsed = 00:01:21 . Memory (MB): peak = 1369.523 ; gain = 439.059 ; free physical = 1167 ; free virtual = 9130
Finished applying 'set_property' XDC Constraints : Time (s): cpu = 00:01:10 ; elapsed = 00:01:21 . Memory (MB): peak = 1369.523 ; gain = 439.059 ; free physical = 1167 ; free virtual = 9130
Finished RTL Optimization Phase 2 : Time (s): cpu = 00:01:11 ; elapsed = 00:01:21 . Memory (MB): peak = 1369.523 ; gain = 439.059 ; free physical = 1159 ; free virtual = 9122
Finished Cross Boundary and Area Optimization : Time (s): cpu = 00:01:11 ; elapsed = 00:01:21 . Memory (MB): peak = 1369.523 ; gain = 439.059 ; free physical = 1157 ; free virtual = 9122
Finished Applying XDC Timing Constraints : Time (s): cpu = 00:01:19 ; elapsed = 00:01:29 . Memory (MB): peak = 1389.523 ; gain = 459.059 ; free physical = 1117 ; free virtual = 9087
Finished Timing Optimization : Time (s): cpu = 00:01:19 ; elapsed = 00:01:29 . Memory (MB): peak = 1389.523 ; gain = 459.059 ; free physical = 1117 ; free virtual = 9087
Finished Technology Mapping : Time (s): cpu = 00:01:19 ; elapsed = 00:01:29 . Memory (MB): peak = 1399.539 ; gain = 469.074 ; free physical = 1107 ; free virtual = 9077
Finished IO Insertion : Time (s): cpu = 00:01:19 ; elapsed = 00:01:29 . Memory (MB): peak = 1399.539 ; gain = 469.074 ; free physical = 1108 ; free virtual = 9078
Finished Renaming Generated Instances : Time (s): cpu = 00:01:19 ; elapsed = 00:01:29 . Memory (MB): peak = 1399.539 ; gain = 469.074 ; free physical = 1108 ; free virtual = 9078
Finished Rebuilding User Hierarchy : Time (s): cpu = 00:01:19 ; elapsed = 00:01:29 . Memory (MB): peak = 1399.539 ; gain = 469.074 ; free physical = 1108 ; free virtual = 9077
Finished Renaming Generated Ports : Time (s): cpu = 00:01:19 ; elapsed = 00:01:29 . Memory (MB): peak = 1399.539 ; gain = 469.074 ; free physical = 1108 ; free virtual = 9077
Finished Handling Custom Attributes : Time (s): cpu = 00:01:19 ; elapsed = 00:01:29 . Memory (MB): peak = 1399.539 ; gain = 469.074 ; free physical = 1107 ; free virtual = 9077
Finished Renaming Generated Nets : Time (s): cpu = 00:01:19 ; elapsed = 00:01:29 . Memory (MB): peak = 1399.539 ; gain = 469.074 ; free physical = 1107 ; free virtual = 9077

Report Cell Usage: 
+------+-----------+------+
|      |Cell       |Count |
+------+-----------+------+
|1     |RAMB36E1   |     1|
|2     |RAMB36E1_1 |     1|
+------+-----------+------+
Finished Writing Synthesis Report : Time (s): cpu = 00:01:19 ; elapsed = 00:01:29 . Memory (MB): peak = 1399.539 ; gain = 469.074 ; free physical = 1107 ; free virtual = 9077
synth_design: Time (s): cpu = 00:01:17 ; elapsed = 00:01:20 . Memory (MB): peak = 1419.055 ; gain = 419.074 ; free physical = 1087 ; free virtual = 9059
