
*** Running vivado
    with args -log BRAM_blk_mem_gen_0_0.vds -m64 -product Vivado -mode batch -messageDb vivado.pb -notrace -source BRAM_blk_mem_gen_0_0.tcl


****** Vivado v2016.4 (64-bit)
  **** SW Build 1756540 on Mon Jan 23 19:11:19 MST 2017
  **** IP Build 1755317 on Mon Jan 23 20:30:07 MST 2017
    ** Copyright 1986-2016 Xilinx, Inc. All Rights Reserved.

source BRAM_blk_mem_gen_0_0.tcl -notrace
Starting RTL Elaboration : Time (s): cpu = 00:00:07 ; elapsed = 00:00:08 . Memory (MB): peak = 1066.566 ; gain = 136.098 ; free physical = 1040 ; free virtual = 9760
INFO: [Synth 8-638] synthesizing module 'BRAM_blk_mem_gen_0_0' [/media/atishya/New_Volume1/books_and_papers/Iit/2nd_year/2nd_sem/COl216/Labs/ArchitectureAssignments/Lab4And5/Processor_4/Processor_4.srcs/sources_1/bd/BRAM/ip/BRAM_blk_mem_gen_0_0/synth/BRAM_blk_mem_gen_0_0.vhd:71]
INFO: [Synth 8-256] done synthesizing module 'BRAM_blk_mem_gen_0_0' (9#1) [/media/atishya/New_Volume1/books_and_papers/Iit/2nd_year/2nd_sem/COl216/Labs/ArchitectureAssignments/Lab4And5/Processor_4/Processor_4.srcs/sources_1/bd/BRAM/ip/BRAM_blk_mem_gen_0_0/synth/BRAM_blk_mem_gen_0_0.vhd:71]
Finished RTL Elaboration : Time (s): cpu = 00:00:57 ; elapsed = 00:00:58 . Memory (MB): peak = 1265.707 ; gain = 335.238 ; free physical = 833 ; free virtual = 9560
Finished RTL Optimization Phase 1 : Time (s): cpu = 00:00:57 ; elapsed = 00:00:58 . Memory (MB): peak = 1265.707 ; gain = 335.238 ; free physical = 828 ; free virtual = 9559
INFO: [Device 21-403] Loading part xc7a35tcpg236-1
Constraint Validation Runtime : Time (s): cpu = 00:00:00.02 ; elapsed = 00:00:00.07 . Memory (MB): peak = 1368.527 ; gain = 0.000 ; free physical = 807 ; free virtual = 9543
Finished Constraint Validation : Time (s): cpu = 00:01:06 ; elapsed = 00:01:07 . Memory (MB): peak = 1368.527 ; gain = 438.059 ; free physical = 802 ; free virtual = 9543
Finished Loading Part and Timing Information : Time (s): cpu = 00:01:06 ; elapsed = 00:01:07 . Memory (MB): peak = 1368.527 ; gain = 438.059 ; free physical = 802 ; free virtual = 9543
Finished applying 'set_property' XDC Constraints : Time (s): cpu = 00:01:06 ; elapsed = 00:01:07 . Memory (MB): peak = 1368.527 ; gain = 438.059 ; free physical = 802 ; free virtual = 9543
Finished RTL Optimization Phase 2 : Time (s): cpu = 00:01:06 ; elapsed = 00:01:07 . Memory (MB): peak = 1368.527 ; gain = 438.059 ; free physical = 798 ; free virtual = 9539
Finished Cross Boundary and Area Optimization : Time (s): cpu = 00:01:06 ; elapsed = 00:01:07 . Memory (MB): peak = 1368.527 ; gain = 438.059 ; free physical = 798 ; free virtual = 9539
Finished Applying XDC Timing Constraints : Time (s): cpu = 00:01:13 ; elapsed = 00:01:15 . Memory (MB): peak = 1389.527 ; gain = 459.059 ; free physical = 757 ; free virtual = 9499
Finished Timing Optimization : Time (s): cpu = 00:01:13 ; elapsed = 00:01:15 . Memory (MB): peak = 1390.527 ; gain = 460.059 ; free physical = 757 ; free virtual = 9499
Finished Technology Mapping : Time (s): cpu = 00:01:13 ; elapsed = 00:01:15 . Memory (MB): peak = 1399.543 ; gain = 469.074 ; free physical = 748 ; free virtual = 9491
Finished IO Insertion : Time (s): cpu = 00:01:14 ; elapsed = 00:01:15 . Memory (MB): peak = 1399.543 ; gain = 469.074 ; free physical = 748 ; free virtual = 9491
Finished Renaming Generated Instances : Time (s): cpu = 00:01:14 ; elapsed = 00:01:15 . Memory (MB): peak = 1399.543 ; gain = 469.074 ; free physical = 748 ; free virtual = 9491
Finished Rebuilding User Hierarchy : Time (s): cpu = 00:01:14 ; elapsed = 00:01:15 . Memory (MB): peak = 1399.543 ; gain = 469.074 ; free physical = 748 ; free virtual = 9491
Finished Renaming Generated Ports : Time (s): cpu = 00:01:14 ; elapsed = 00:01:15 . Memory (MB): peak = 1399.543 ; gain = 469.074 ; free physical = 748 ; free virtual = 9491
Finished Handling Custom Attributes : Time (s): cpu = 00:01:14 ; elapsed = 00:01:15 . Memory (MB): peak = 1399.543 ; gain = 469.074 ; free physical = 748 ; free virtual = 9490
Finished Renaming Generated Nets : Time (s): cpu = 00:01:14 ; elapsed = 00:01:15 . Memory (MB): peak = 1399.543 ; gain = 469.074 ; free physical = 748 ; free virtual = 9490

Report Cell Usage: 
+------+-----------+------+
|      |Cell       |Count |
+------+-----------+------+
|1     |RAMB36E1   |     1|
|2     |RAMB36E1_1 |     1|
+------+-----------+------+
Finished Writing Synthesis Report : Time (s): cpu = 00:01:14 ; elapsed = 00:01:15 . Memory (MB): peak = 1399.543 ; gain = 469.074 ; free physical = 748 ; free virtual = 9490
synth_design: Time (s): cpu = 00:01:13 ; elapsed = 00:01:14 . Memory (MB): peak = 1419.059 ; gain = 419.074 ; free physical = 729 ; free virtual = 9472
