
*** Running vivado
    with args -log BRAM_blk_mem_gen_0_0.vds -m64 -product Vivado -mode batch -messageDb vivado.pb -notrace -source BRAM_blk_mem_gen_0_0.tcl


****** Vivado v2016.4 (64-bit)
  **** SW Build 1756540 on Mon Jan 23 19:11:19 MST 2017
  **** IP Build 1755317 on Mon Jan 23 20:30:07 MST 2017
    ** Copyright 1986-2016 Xilinx, Inc. All Rights Reserved.

source BRAM_blk_mem_gen_0_0.tcl -notrace
Starting RTL Elaboration : Time (s): cpu = 00:00:07 ; elapsed = 00:00:08 . Memory (MB): peak = 1066.559 ; gain = 136.098 ; free physical = 1592 ; free virtual = 9784
INFO: [Synth 8-638] synthesizing module 'BRAM_blk_mem_gen_0_0' [/media/atishya/New_Volume1/books_and_papers/Iit/2nd_year/2nd_sem/COl216/Labs/ArchitectureAssignments/Lab4And5/Processor_4/Processor_4.srcs/sources_1/bd/BRAM/ip/BRAM_blk_mem_gen_0_0/synth/BRAM_blk_mem_gen_0_0.vhd:71]
INFO: [Synth 8-256] done synthesizing module 'BRAM_blk_mem_gen_0_0' (9#1) [/media/atishya/New_Volume1/books_and_papers/Iit/2nd_year/2nd_sem/COl216/Labs/ArchitectureAssignments/Lab4And5/Processor_4/Processor_4.srcs/sources_1/bd/BRAM/ip/BRAM_blk_mem_gen_0_0/synth/BRAM_blk_mem_gen_0_0.vhd:71]
Finished RTL Elaboration : Time (s): cpu = 00:01:00 ; elapsed = 00:01:01 . Memory (MB): peak = 1265.699 ; gain = 335.238 ; free physical = 1380 ; free virtual = 9581
Finished RTL Optimization Phase 1 : Time (s): cpu = 00:01:00 ; elapsed = 00:01:01 . Memory (MB): peak = 1265.699 ; gain = 335.238 ; free physical = 1375 ; free virtual = 9581
INFO: [Device 21-403] Loading part xc7a35tcpg236-1
Constraint Validation Runtime : Time (s): cpu = 00:00:00.02 ; elapsed = 00:00:00.06 . Memory (MB): peak = 1373.559 ; gain = 0.000 ; free physical = 1357 ; free virtual = 9566
Finished Constraint Validation : Time (s): cpu = 00:01:09 ; elapsed = 00:01:16 . Memory (MB): peak = 1373.559 ; gain = 443.098 ; free physical = 1350 ; free virtual = 9566
Finished Loading Part and Timing Information : Time (s): cpu = 00:01:09 ; elapsed = 00:01:16 . Memory (MB): peak = 1373.559 ; gain = 443.098 ; free physical = 1350 ; free virtual = 9566
Finished applying 'set_property' XDC Constraints : Time (s): cpu = 00:01:09 ; elapsed = 00:01:16 . Memory (MB): peak = 1373.559 ; gain = 443.098 ; free physical = 1350 ; free virtual = 9566
Finished RTL Optimization Phase 2 : Time (s): cpu = 00:01:09 ; elapsed = 00:01:17 . Memory (MB): peak = 1373.559 ; gain = 443.098 ; free physical = 1346 ; free virtual = 9561
Finished Cross Boundary and Area Optimization : Time (s): cpu = 00:01:09 ; elapsed = 00:01:17 . Memory (MB): peak = 1373.559 ; gain = 443.098 ; free physical = 1346 ; free virtual = 9561
Finished Applying XDC Timing Constraints : Time (s): cpu = 00:01:17 ; elapsed = 00:01:25 . Memory (MB): peak = 1392.559 ; gain = 462.098 ; free physical = 1306 ; free virtual = 9523
Finished Timing Optimization : Time (s): cpu = 00:01:17 ; elapsed = 00:01:25 . Memory (MB): peak = 1393.559 ; gain = 463.098 ; free physical = 1306 ; free virtual = 9523
Finished Technology Mapping : Time (s): cpu = 00:01:17 ; elapsed = 00:01:25 . Memory (MB): peak = 1402.574 ; gain = 472.113 ; free physical = 1297 ; free virtual = 9514
Finished IO Insertion : Time (s): cpu = 00:01:18 ; elapsed = 00:01:26 . Memory (MB): peak = 1402.574 ; gain = 472.113 ; free physical = 1299 ; free virtual = 9514
Finished Renaming Generated Instances : Time (s): cpu = 00:01:18 ; elapsed = 00:01:26 . Memory (MB): peak = 1402.574 ; gain = 472.113 ; free physical = 1299 ; free virtual = 9514
Finished Rebuilding User Hierarchy : Time (s): cpu = 00:01:18 ; elapsed = 00:01:26 . Memory (MB): peak = 1402.574 ; gain = 472.113 ; free physical = 1299 ; free virtual = 9514
Finished Renaming Generated Ports : Time (s): cpu = 00:01:18 ; elapsed = 00:01:26 . Memory (MB): peak = 1402.574 ; gain = 472.113 ; free physical = 1299 ; free virtual = 9514
Finished Handling Custom Attributes : Time (s): cpu = 00:01:18 ; elapsed = 00:01:26 . Memory (MB): peak = 1402.574 ; gain = 472.113 ; free physical = 1298 ; free virtual = 9513
Finished Renaming Generated Nets : Time (s): cpu = 00:01:18 ; elapsed = 00:01:26 . Memory (MB): peak = 1402.574 ; gain = 472.113 ; free physical = 1298 ; free virtual = 9513

Report Cell Usage: 
+------+-----------+------+
|      |Cell       |Count |
+------+-----------+------+
|1     |RAMB36E1   |     1|
|2     |RAMB36E1_1 |     1|
+------+-----------+------+
Finished Writing Synthesis Report : Time (s): cpu = 00:01:18 ; elapsed = 00:01:26 . Memory (MB): peak = 1402.574 ; gain = 472.113 ; free physical = 1298 ; free virtual = 9513
synth_design: Time (s): cpu = 00:01:17 ; elapsed = 00:01:24 . Memory (MB): peak = 1423.090 ; gain = 423.113 ; free physical = 1252 ; free virtual = 9466
