
*** Running vivado
    with args -log BRAM_blk_mem_gen_0_0.vds -m64 -product Vivado -mode batch -messageDb vivado.pb -notrace -source BRAM_blk_mem_gen_0_0.tcl


****** Vivado v2016.4 (64-bit)
  **** SW Build 1756540 on Mon Jan 23 19:11:19 MST 2017
  **** IP Build 1755317 on Mon Jan 23 20:30:07 MST 2017
    ** Copyright 1986-2016 Xilinx, Inc. All Rights Reserved.

source BRAM_blk_mem_gen_0_0.tcl -notrace
Starting RTL Elaboration : Time (s): cpu = 00:00:08 ; elapsed = 00:00:16 . Memory (MB): peak = 1066.562 ; gain = 136.098 ; free physical = 1278 ; free virtual = 8322
INFO: [Synth 8-638] synthesizing module 'BRAM_blk_mem_gen_0_0' [/media/atishya/New_Volume1/books_and_papers/Iit/2nd_year/2nd_sem/COl216/Labs/ArchitectureAssignments/Lab4And5/Processor_4/Processor_4.srcs/sources_1/bd/BRAM/ip/BRAM_blk_mem_gen_0_0/synth/BRAM_blk_mem_gen_0_0.vhd:71]
INFO: [Synth 8-256] done synthesizing module 'BRAM_blk_mem_gen_0_0' (9#1) [/media/atishya/New_Volume1/books_and_papers/Iit/2nd_year/2nd_sem/COl216/Labs/ArchitectureAssignments/Lab4And5/Processor_4/Processor_4.srcs/sources_1/bd/BRAM/ip/BRAM_blk_mem_gen_0_0/synth/BRAM_blk_mem_gen_0_0.vhd:71]
Finished RTL Elaboration : Time (s): cpu = 00:01:00 ; elapsed = 00:01:09 . Memory (MB): peak = 1266.703 ; gain = 336.238 ; free physical = 1068 ; free virtual = 8119
Finished RTL Optimization Phase 1 : Time (s): cpu = 00:01:00 ; elapsed = 00:01:09 . Memory (MB): peak = 1266.703 ; gain = 336.238 ; free physical = 1064 ; free virtual = 8121
INFO: [Device 21-403] Loading part xc7a35tcpg236-1
Constraint Validation Runtime : Time (s): cpu = 00:00:00.02 ; elapsed = 00:00:00.02 . Memory (MB): peak = 1373.562 ; gain = 1.000 ; free physical = 989 ; free virtual = 8095
Finished Constraint Validation : Time (s): cpu = 00:01:10 ; elapsed = 00:01:22 . Memory (MB): peak = 1373.562 ; gain = 443.098 ; free physical = 972 ; free virtual = 8084
Finished Loading Part and Timing Information : Time (s): cpu = 00:01:10 ; elapsed = 00:01:22 . Memory (MB): peak = 1373.562 ; gain = 443.098 ; free physical = 972 ; free virtual = 8084
Finished applying 'set_property' XDC Constraints : Time (s): cpu = 00:01:10 ; elapsed = 00:01:22 . Memory (MB): peak = 1373.562 ; gain = 443.098 ; free physical = 972 ; free virtual = 8084
Finished RTL Optimization Phase 2 : Time (s): cpu = 00:01:10 ; elapsed = 00:01:22 . Memory (MB): peak = 1373.562 ; gain = 443.098 ; free physical = 964 ; free virtual = 8077
Finished Cross Boundary and Area Optimization : Time (s): cpu = 00:01:10 ; elapsed = 00:01:22 . Memory (MB): peak = 1373.562 ; gain = 443.098 ; free physical = 964 ; free virtual = 8077
Finished Applying XDC Timing Constraints : Time (s): cpu = 00:01:18 ; elapsed = 00:01:30 . Memory (MB): peak = 1393.562 ; gain = 463.098 ; free physical = 923 ; free virtual = 8042
Finished Timing Optimization : Time (s): cpu = 00:01:18 ; elapsed = 00:01:30 . Memory (MB): peak = 1393.562 ; gain = 463.098 ; free physical = 923 ; free virtual = 8042
Finished Technology Mapping : Time (s): cpu = 00:01:18 ; elapsed = 00:01:30 . Memory (MB): peak = 1403.578 ; gain = 473.113 ; free physical = 913 ; free virtual = 8033
Finished IO Insertion : Time (s): cpu = 00:01:18 ; elapsed = 00:01:30 . Memory (MB): peak = 1403.578 ; gain = 473.113 ; free physical = 913 ; free virtual = 8033
Finished Renaming Generated Instances : Time (s): cpu = 00:01:18 ; elapsed = 00:01:30 . Memory (MB): peak = 1403.578 ; gain = 473.113 ; free physical = 913 ; free virtual = 8033
Finished Rebuilding User Hierarchy : Time (s): cpu = 00:01:18 ; elapsed = 00:01:30 . Memory (MB): peak = 1403.578 ; gain = 473.113 ; free physical = 913 ; free virtual = 8033
Finished Renaming Generated Ports : Time (s): cpu = 00:01:18 ; elapsed = 00:01:30 . Memory (MB): peak = 1403.578 ; gain = 473.113 ; free physical = 913 ; free virtual = 8033
Finished Handling Custom Attributes : Time (s): cpu = 00:01:18 ; elapsed = 00:01:31 . Memory (MB): peak = 1403.578 ; gain = 473.113 ; free physical = 913 ; free virtual = 8033
Finished Renaming Generated Nets : Time (s): cpu = 00:01:18 ; elapsed = 00:01:31 . Memory (MB): peak = 1403.578 ; gain = 473.113 ; free physical = 913 ; free virtual = 8033

Report Cell Usage: 
+------+-----------+------+
|      |Cell       |Count |
+------+-----------+------+
|1     |RAMB36E1   |     1|
|2     |RAMB36E1_1 |     1|
+------+-----------+------+
Finished Writing Synthesis Report : Time (s): cpu = 00:01:18 ; elapsed = 00:01:31 . Memory (MB): peak = 1403.578 ; gain = 473.113 ; free physical = 913 ; free virtual = 8033
synth_design: Time (s): cpu = 00:01:17 ; elapsed = 00:01:21 . Memory (MB): peak = 1423.094 ; gain = 423.113 ; free physical = 894 ; free virtual = 8015
